<?xml version="1.0" encoding="UTF-8"?>
<testsuite name="challenge.CriptografiaCesarianaSubmissionTest" tests="10" skipped="0" failures="0" errors="0" timestamp="2020-04-25T00:32:46" hostname="gsnr1322" time="0.032">
  <properties/>
  <testcase name="deveRetornarErroQuandoCriptografaTextoEhNulo" classname="challenge.CriptografiaCesarianaSubmissionTest" time="0.002"/>
  <testcase name="deveConverterCaracteresParaMinusculoNaDescriptografia" classname="challenge.CriptografiaCesarianaSubmissionTest" time="0.0"/>
  <testcase name="deveManterOsNumerosNaCriptografia" classname="challenge.CriptografiaCesarianaSubmissionTest" time="0.014"/>
  <testcase name="deveConverterCaracteresParaMinusculoNaCriptografia" classname="challenge.CriptografiaCesarianaSubmissionTest" time="0.001"/>
  <testcase name="deveManterOsNumerosNaDescriptografia" classname="challenge.CriptografiaCesarianaSubmissionTest" time="0.0"/>
  <testcase name="deveRetornarErroQuandoDesCriptografaTextoEhNulo" classname="challenge.CriptografiaCesarianaSubmissionTest" time="0.001"/>
  <testcase name="deveRetornarErroQuandoODesCriptografaTextoEhVazio" classname="challenge.CriptografiaCesarianaSubmissionTest" time="0.001"/>
  <testcase name="deveCriptografarTexto" classname="challenge.CriptografiaCesarianaSubmissionTest" time="0.002"/>
  <testcase name="deveRetornarErroQuandoOCriptografaTextoEhVazio" classname="challenge.CriptografiaCesarianaSubmissionTest" time="0.001"/>
  <testcase name="deveDescriptografarTexto" classname="challenge.CriptografiaCesarianaSubmissionTest" time="0.0"/>
  <system-out><![CDATA[vhmdp ehp ylqgrv dr dfhohud eudvlo 2019
dsuhqghu mdyd jhud iholflgdgh
d oljhlud udsrvd pduurp vdowrx vreuh r fdfkruur fdqvdgr
]]></system-out>
  <system-err><![CDATA[]]></system-err>
</testsuite>
